
****** PlanAhead v14.7 (64-bit)
  **** Build 321239 by xbuild on Fri Sep 27 19:24:36 MDT 2013
    ** Copyright 1986-1999, 2001-2013 Xilinx, Inc. All Rights Reserved.

INFO: [Common 17-78] Attempting to get a license: PlanAhead
INFO: [Common 17-290] Got license for PlanAhead
INFO: [Common 17-86] Your PlanAhead license expires in -2751 day(s)
INFO: [Device 21-36] Loading parts and site information from /opt/Xilinx/14.7/ISE_DS/PlanAhead/data/parts/arch.xml
Parsing RTL primitives file [/opt/Xilinx/14.7/ISE_DS/PlanAhead/data/parts/xilinx/rtl/prims/rtl_prims.xml]
Finished parsing RTL primitives file [/opt/Xilinx/14.7/ISE_DS/PlanAhead/data/parts/xilinx/rtl/prims/rtl_prims.xml]
start_gui
source /home/ise/DisplayMoneyFIx/pa.fromHdl.tcl
# create_project -name DisplayMoneyFIx -dir "/home/ise/DisplayMoneyFIx/planAhead_run_1" -part xc6slx9tqg144-3
create_project: Time (s): cpu = 00:00:05 ; elapsed = 00:00:05 . Memory (MB): peak = 2624.723 ; gain = 20.141
# set_param project.pinAheadLayout yes
# set srcset [get_property srcset [current_run -impl]]
# set_property target_constrs_file "TopLayer.ucf" [current_fileset -constrset]
Adding file '/home/ise/DisplayMoneyFIx/TopLayer.ucf' to fileset 'constrs_1'
# set hdlfile [add_files [list {sdfsffsd.vhd}]]
# set_property file_type VHDL $hdlfile
# set_property library work $hdlfile
# set hdlfile [add_files [list {sdfsf.vhd}]]
# set_property file_type VHDL $hdlfile
# set_property library work $hdlfile
# set hdlfile [add_files [list {sdfsd.vhd}]]
# set_property file_type VHDL $hdlfile
# set_property library work $hdlfile
# set hdlfile [add_files [list {gfghhf.vhd}]]
# set_property file_type VHDL $hdlfile
# set_property library work $hdlfile
# set hdlfile [add_files [list {dsfsd.vhd}]]
# set_property file_type VHDL $hdlfile
# set_property library work $hdlfile
# set hdlfile [add_files [list {TopLayer.vf}]]
# set_property file_type Verilog $hdlfile
# set_property library work $hdlfile
# set_property top TopLayer $srcset
# add_files [list {TopLayer.ucf}] -fileset [get_property constrset [current_run]]
# open_rtl_design -part xc6slx9tqg144-3
Using Verific elaboration
Parsing VHDL file "/opt/Xilinx/14.7/ISE_DS/PlanAhead/data/parts/xilinx/rtl/lib/synplify/synattr.vhd" into library synplify
Parsing VHDL file "/opt/Xilinx/14.7/ISE_DS/PlanAhead/data/parts/xilinx/rtl/lib/synplify/synattr.vhd" into library synplify
Parsing VHDL file "/home/ise/DisplayMoneyFIx/sdfsffsd.vhd" into library work
Parsing VHDL file "/home/ise/DisplayMoneyFIx/sdfsf.vhd" into library work
Parsing VHDL file "/home/ise/DisplayMoneyFIx/sdfsd.vhd" into library work
Parsing VHDL file "/home/ise/DisplayMoneyFIx/gfghhf.vhd" into library work
Parsing VHDL file "/home/ise/DisplayMoneyFIx/dsfsd.vhd" into library work
Loading clock regions from /opt/Xilinx/14.7/ISE_DS/PlanAhead/data/parts/xilinx/spartan6/spartan6lx/xc6slx9/ClockRegion.xml
Loading clock buffers from /opt/Xilinx/14.7/ISE_DS/PlanAhead/data/parts/xilinx/spartan6/spartan6lx/xc6slx9/ClockBuffers.xml
Loading package pin functions from /opt/Xilinx/14.7/ISE_DS/PlanAhead/data/parts/xilinx/spartan6/PinFunctions.xml...
Loading package from /opt/Xilinx/14.7/ISE_DS/PlanAhead/data/parts/xilinx/spartan6/spartan6lx/xc6slx9/tqg144/Package.xml
Loading io standards from /opt/Xilinx/14.7/ISE_DS/PlanAhead/data/./parts/xilinx/spartan6/IOStandards.xml
Loading device configuration modes from /opt/Xilinx/14.7/ISE_DS/PlanAhead/data/parts/xilinx/spartan6/ConfigModes.xml
Loading list of drcs for the architecture : /opt/Xilinx/14.7/ISE_DS/PlanAhead/data/./parts/xilinx/spartan6/drc.xml
Parsing UCF File [/home/ise/DisplayMoneyFIx/TopLayer.ucf]
Finished Parsing UCF File [/home/ise/DisplayMoneyFIx/TopLayer.ucf]
INFO: [Project 1-111] Unisim Transformation Summary:
No Unisim elements were transformed.

Phase 0 | Netlist Checksum: 9296ccbe
open_rtl_design: Time (s): cpu = 00:00:22 ; elapsed = 00:00:24 . Memory (MB): peak = 2789.930 ; gain = 153.164
update_compile_order -fileset sim_1
set_property package_pin "" [get_ports [list  {ag[0]}]]
startgroup
set_property package_pin P41 [get_ports {ag[6]}]
endgroup
startgroup
set_property package_pin P40 [get_ports {ag[5]}]
endgroup
startgroup
set_property package_pin P35 [get_ports {ag[4]}]
endgroup
startgroup
set_property package_pin P34 [get_ports {ag[3]}]
endgroup
startgroup
set_property package_pin P32 [get_ports {ag[2]}]
endgroup
startgroup
set_property package_pin P29 [get_ports {ag[1]}]
endgroup
startgroup
set_property package_pin P27 [get_ports {ag[0]}]
endgroup
startgroup
set_property package_pin P123 [get_ports CLK]
endgroup
startgroup
set_property package_pin P44 [get_ports Common0]
endgroup
startgroup
set_property package_pin P43 [get_ports Common1]
endgroup
startgroup
set_property package_pin P33 [get_ports Common2]
endgroup
startgroup
set_property package_pin P30 [get_ports Common3]
endgroup
startgroup
set_property package_pin P21 [get_ports {inpt[0]}]
endgroup
startgroup
set_property package_pin P16 [get_ports {inpt[1]}]
endgroup
startgroup
set_property package_pin P14 [get_ports {inpt[2]}]
endgroup
startgroup
set_property package_pin P11 [get_ports {inpt[3]}]
endgroup
startgroup
set_property package_pin P9 [get_ports {inpt[4]}]
endgroup
startgroup
set_property package_pin P7 [get_ports {inpt[5]}]
endgroup
startgroup
set_property package_pin P5 [get_ports {inpt[6]}]
endgroup
save_constraints
