--------------------------------------------------------------------------------
Release 14.7 Trace  (lin64)
Copyright (c) 1995-2013 Xilinx, Inc.  All rights reserved.

/opt/Xilinx/14.7/ISE_DS/ISE/bin/lin64/unwrapped/trce -intstyle ise -v 3 -s 3 -n
3 -fastpaths -xml TopLayer.twx TopLayer.ncd -o TopLayer.twr TopLayer.pcf -ucf
TopLayer.ucf

Design file:              TopLayer.ncd
Physical constraint file: TopLayer.pcf
Device,package,speed:     xc6slx9,tqg144,C,-3 (PRODUCTION 1.23 2013-10-13)
Report level:             verbose report

Environment Variable      Effect 
--------------------      ------ 
NONE                      No environment variables were set
--------------------------------------------------------------------------------

INFO:Timing:2698 - No timing constraints found, doing default enumeration.
INFO:Timing:3412 - To improve timing, see the Timing Closure User Guide (UG612).
INFO:Timing:2752 - To get complete path coverage, use the unconstrained paths 
   option. All paths that are not constrained will be reported in the 
   unconstrained paths section(s) of the report.
INFO:Timing:3339 - The clock-to-out numbers in this timing report are based on 
   a 50 Ohm transmission line loading model.  For the details of this model, 
   and for more information on accounting for different loading conditions, 
   please see the device datasheet.



Data Sheet report:
-----------------
All values displayed in nanoseconds (ns)

Clock to Setup on destination clock CLK
---------------+---------+---------+---------+---------+
               | Src:Rise| Src:Fall| Src:Rise| Src:Fall|
Source Clock   |Dest:Rise|Dest:Rise|Dest:Fall|Dest:Fall|
---------------+---------+---------+---------+---------+
CLK            |    1.433|         |         |         |
---------------+---------+---------+---------+---------+

Pad to Pad
---------------+---------------+---------+
Source Pad     |Destination Pad|  Delay  |
---------------+---------------+---------+
inpt<0>        |ag<0>          |    7.131|
inpt<0>        |ag<1>          |    7.843|
inpt<0>        |ag<2>          |    8.525|
inpt<0>        |ag<3>          |    8.536|
inpt<0>        |ag<4>          |    8.744|
inpt<0>        |ag<5>          |    8.645|
inpt<0>        |ag<6>          |    8.235|
inpt<1>        |ag<0>          |    8.752|
inpt<1>        |ag<1>          |    9.094|
inpt<1>        |ag<2>          |    9.747|
inpt<1>        |ag<3>          |    9.855|
inpt<1>        |ag<4>          |    9.887|
inpt<1>        |ag<5>          |   10.034|
inpt<1>        |ag<6>          |    9.394|
inpt<2>        |ag<0>          |    9.508|
inpt<2>        |ag<1>          |    9.850|
inpt<2>        |ag<2>          |   10.503|
inpt<2>        |ag<3>          |   10.611|
inpt<2>        |ag<4>          |   10.643|
inpt<2>        |ag<5>          |   10.790|
inpt<2>        |ag<6>          |   10.150|
inpt<3>        |ag<0>          |   11.028|
inpt<3>        |ag<1>          |   11.370|
inpt<3>        |ag<2>          |   12.023|
inpt<3>        |ag<3>          |   12.131|
inpt<3>        |ag<4>          |   12.163|
inpt<3>        |ag<5>          |   12.310|
inpt<3>        |ag<6>          |   11.670|
inpt<4>        |ag<0>          |   10.970|
inpt<4>        |ag<1>          |   11.312|
inpt<4>        |ag<2>          |   11.965|
inpt<4>        |ag<3>          |   12.073|
inpt<4>        |ag<4>          |   12.105|
inpt<4>        |ag<5>          |   12.252|
inpt<4>        |ag<6>          |   11.612|
inpt<5>        |ag<0>          |   11.095|
inpt<5>        |ag<1>          |   11.437|
inpt<5>        |ag<2>          |   12.090|
inpt<5>        |ag<3>          |   12.198|
inpt<5>        |ag<4>          |   12.230|
inpt<5>        |ag<5>          |   12.377|
inpt<5>        |ag<6>          |   11.737|
inpt<6>        |ag<0>          |   11.250|
inpt<6>        |ag<1>          |   11.592|
inpt<6>        |ag<2>          |   12.245|
inpt<6>        |ag<3>          |   12.353|
inpt<6>        |ag<4>          |   12.385|
inpt<6>        |ag<5>          |   12.532|
inpt<6>        |ag<6>          |   11.892|
---------------+---------------+---------+


Analysis completed Sun Nov 10 10:56:25 2024 
--------------------------------------------------------------------------------

Trace Settings:
-------------------------
Trace Settings 

Peak Memory Usage: 382 MB



